2026-07-17 18:43:15 - ERROR - Invalid HTTP_HOST header: 'testserver'. You may need to add 'testserver' to ALLOWED_HOSTS.
Traceback (most recent call last):
  File "C:\Users\sshiv\AppData\Roaming\Python\Python311\site-packages\django\core\handlers\exception.py", line 55, in inner
    response = get_response(request)
               ^^^^^^^^^^^^^^^^^^^^^
  File "C:\Users\sshiv\AppData\Roaming\Python\Python311\site-packages\django\utils\deprecation.py", line 119, in __call__
    response = self.process_request(request)
               ^^^^^^^^^^^^^^^^^^^^^^^^^^^^^
  File "C:\Users\sshiv\AppData\Roaming\Python\Python311\site-packages\django\middleware\common.py", line 48, in process_request
    host = request.get_host()
           ^^^^^^^^^^^^^^^^^^
  File "C:\Users\sshiv\AppData\Roaming\Python\Python311\site-packages\django\http\request.py", line 202, in get_host
    raise DisallowedHost(msg)
django.core.exceptions.DisallowedHost: Invalid HTTP_HOST header: 'testserver'. You may need to add 'testserver' to ALLOWED_HOSTS.
2026-07-17 18:43:34 - ERROR - Invalid HTTP_HOST header: 'testserver'. You may need to add 'testserver' to ALLOWED_HOSTS.
Traceback (most recent call last):
  File "C:\Users\sshiv\AppData\Roaming\Python\Python311\site-packages\django\core\handlers\exception.py", line 55, in inner
    response = get_response(request)
               ^^^^^^^^^^^^^^^^^^^^^
  File "C:\Users\sshiv\AppData\Roaming\Python\Python311\site-packages\django\utils\deprecation.py", line 119, in __call__
    response = self.process_request(request)
               ^^^^^^^^^^^^^^^^^^^^^^^^^^^^^
  File "C:\Users\sshiv\AppData\Roaming\Python\Python311\site-packages\django\middleware\common.py", line 48, in process_request
    host = request.get_host()
           ^^^^^^^^^^^^^^^^^^
  File "C:\Users\sshiv\AppData\Roaming\Python\Python311\site-packages\django\http\request.py", line 202, in get_host
    raise DisallowedHost(msg)
django.core.exceptions.DisallowedHost: Invalid HTTP_HOST header: 'testserver'. You may need to add 'testserver' to ALLOWED_HOSTS.
2026-07-17 18:44:10 - ERROR - Invalid HTTP_HOST header: 'testserver'. You may need to add 'testserver' to ALLOWED_HOSTS.
Traceback (most recent call last):
  File "C:\Users\sshiv\AppData\Roaming\Python\Python311\site-packages\django\core\handlers\exception.py", line 55, in inner
    response = get_response(request)
               ^^^^^^^^^^^^^^^^^^^^^
  File "C:\Users\sshiv\AppData\Roaming\Python\Python311\site-packages\django\utils\deprecation.py", line 119, in __call__
    response = self.process_request(request)
               ^^^^^^^^^^^^^^^^^^^^^^^^^^^^^
  File "C:\Users\sshiv\AppData\Roaming\Python\Python311\site-packages\django\middleware\common.py", line 48, in process_request
    host = request.get_host()
           ^^^^^^^^^^^^^^^^^^
  File "C:\Users\sshiv\AppData\Roaming\Python\Python311\site-packages\django\http\request.py", line 202, in get_host
    raise DisallowedHost(msg)
django.core.exceptions.DisallowedHost: Invalid HTTP_HOST header: 'testserver'. You may need to add 'testserver' to ALLOWED_HOSTS.
2026-07-18 11:04:46 - ERROR - Unexpected error during register_new_user
Traceback (most recent call last):
  File "C:\Users\sshiv\AppData\Roaming\Python\Python311\site-packages\django\db\backends\utils.py", line 105, in _execute
    return self.cursor.execute(sql, params)
           ^^^^^^^^^^^^^^^^^^^^^^^^^^^^^^^^
  File "C:\Users\sshiv\AppData\Roaming\Python\Python311\site-packages\psycopg\cursor.py", line 97, in execute
    raise ex.with_traceback(None)
psycopg.errors.NotNullViolation: null value in column "location" of relation "accounts_user" violates not-null constraint
DETAIL:  Failing row contains (pbkdf2_sha256$1000000$489YAD3Avdh03aFjiKWllh$r4AlI6nC+FSUjroW6y0..., f, 875183e1-0414-42d2-98ba-93923a5182e3, newuser, newuser@example.com, null, null, t, 2026-07-18 05:34:46.005512+00, null, 0, null, null, f, 2026-07-18 05:34:46.690055+00, f).

The above exception was the direct cause of the following exception:

Traceback (most recent call last):
  File "C:\Projects\laguna\laguna-ai-line-balancing\backend\apps\accounts\services\user_service.py", line 16, in register_new_user
    user = serializer.save()
           ^^^^^^^^^^^^^^^^^
  File "C:\Users\sshiv\AppData\Roaming\Python\Python311\site-packages\rest_framework\serializers.py", line 210, in save
    self.instance = self.create(validated_data)
                    ^^^^^^^^^^^^^^^^^^^^^^^^^^^
  File "C:\Projects\laguna\laguna-ai-line-balancing\backend\apps\accounts\serializers.py", line 64, in create
    user = User.objects.create_user(
           ^^^^^^^^^^^^^^^^^^^^^^^^^
  File "C:\Projects\laguna\laguna-ai-line-balancing\backend\apps\accounts\models\user.py", line 18, in create_user
    user.save(using=self._db)
  File "C:\Users\sshiv\AppData\Roaming\Python\Python311\site-packages\django\contrib\auth\base_user.py", line 65, in save
    super().save(*args, **kwargs)
  File "C:\Users\sshiv\AppData\Roaming\Python\Python311\site-packages\django\db\models\base.py", line 902, in save
    self.save_base(
  File "C:\Users\sshiv\AppData\Roaming\Python\Python311\site-packages\django\db\models\base.py", line 1008, in save_base
    updated = self._save_table(
              ^^^^^^^^^^^^^^^^^
  File "C:\Users\sshiv\AppData\Roaming\Python\Python311\site-packages\django\db\models\base.py", line 1169, in _save_table
    results = self._do_insert(
              ^^^^^^^^^^^^^^^^
  File "C:\Users\sshiv\AppData\Roaming\Python\Python311\site-packages\django\db\models\base.py", line 1210, in _do_insert
    return manager._insert(
           ^^^^^^^^^^^^^^^^
  File "C:\Users\sshiv\AppData\Roaming\Python\Python311\site-packages\django\db\models\manager.py", line 87, in manager_method
    return getattr(self.get_queryset(), name)(*args, **kwargs)
           ^^^^^^^^^^^^^^^^^^^^^^^^^^^^^^^^^^^^^^^^^^^^^^^^^^^
  File "C:\Users\sshiv\AppData\Roaming\Python\Python311\site-packages\django\db\models\query.py", line 1868, in _insert
    return query.get_compiler(using=using).execute_sql(returning_fields)
           ^^^^^^^^^^^^^^^^^^^^^^^^^^^^^^^^^^^^^^^^^^^^^^^^^^^^^^^^^^^^^
  File "C:\Users\sshiv\AppData\Roaming\Python\Python311\site-packages\django\db\models\sql\compiler.py", line 1882, in execute_sql
    cursor.execute(sql, params)
  File "C:\Users\sshiv\AppData\Roaming\Python\Python311\site-packages\django\db\backends\utils.py", line 79, in execute
    return self._execute_with_wrappers(
           ^^^^^^^^^^^^^^^^^^^^^^^^^^^^
  File "C:\Users\sshiv\AppData\Roaming\Python\Python311\site-packages\django\db\backends\utils.py", line 92, in _execute_with_wrappers
    return executor(sql, params, many, context)
           ^^^^^^^^^^^^^^^^^^^^^^^^^^^^^^^^^^^^
  File "C:\Users\sshiv\AppData\Roaming\Python\Python311\site-packages\django\db\backends\utils.py", line 100, in _execute
    with self.db.wrap_database_errors:
  File "C:\Users\sshiv\AppData\Roaming\Python\Python311\site-packages\django\db\utils.py", line 91, in __exit__
    raise dj_exc_value.with_traceback(traceback) from exc_value
  File "C:\Users\sshiv\AppData\Roaming\Python\Python311\site-packages\django\db\backends\utils.py", line 105, in _execute
    return self.cursor.execute(sql, params)
           ^^^^^^^^^^^^^^^^^^^^^^^^^^^^^^^^
  File "C:\Users\sshiv\AppData\Roaming\Python\Python311\site-packages\psycopg\cursor.py", line 97, in execute
    raise ex.with_traceback(None)
django.db.utils.IntegrityError: null value in column "location" of relation "accounts_user" violates not-null constraint
DETAIL:  Failing row contains (pbkdf2_sha256$1000000$489YAD3Avdh03aFjiKWllh$r4AlI6nC+FSUjroW6y0..., f, 875183e1-0414-42d2-98ba-93923a5182e3, newuser, newuser@example.com, null, null, t, 2026-07-18 05:34:46.005512+00, null, 0, null, null, f, 2026-07-18 05:34:46.690055+00, f).
2026-07-18 11:04:46 - ERROR - Internal Server Error: /users/create/
2026-07-18 11:06:08 - ERROR - Unexpected error during register_new_user
Traceback (most recent call last):
  File "C:\Users\sshiv\AppData\Roaming\Python\Python311\site-packages\django\db\backends\utils.py", line 105, in _execute
    return self.cursor.execute(sql, params)
           ^^^^^^^^^^^^^^^^^^^^^^^^^^^^^^^^
  File "C:\Users\sshiv\AppData\Roaming\Python\Python311\site-packages\psycopg\cursor.py", line 97, in execute
    raise ex.with_traceback(None)
psycopg.errors.NotNullViolation: null value in column "phonenumber" of relation "accounts_user" violates not-null constraint
DETAIL:  Failing row contains (pbkdf2_sha256$1000000$whm01TlpHL9eskZLDE5ydI$/iJo4XUOsxo025jlqf0..., f, 12e6a996-28f3-4089-a8c2-05e0985bff55, newuser, newuser@example.com, Test City, Engineering, t, 2026-07-18 05:36:07.602115+00, null, 0, null, null, f, 2026-07-18 05:36:08.341614+00, f).

The above exception was the direct cause of the following exception:

Traceback (most recent call last):
  File "C:\Projects\laguna\laguna-ai-line-balancing\backend\apps\accounts\services\user_service.py", line 16, in register_new_user
    user = serializer.save()
           ^^^^^^^^^^^^^^^^^
  File "C:\Users\sshiv\AppData\Roaming\Python\Python311\site-packages\rest_framework\serializers.py", line 210, in save
    self.instance = self.create(validated_data)
                    ^^^^^^^^^^^^^^^^^^^^^^^^^^^
  File "C:\Projects\laguna\laguna-ai-line-balancing\backend\apps\accounts\serializers.py", line 64, in create
    user = User.objects.create_user(
           ^^^^^^^^^^^^^^^^^^^^^^^^^
  File "C:\Projects\laguna\laguna-ai-line-balancing\backend\apps\accounts\models\user.py", line 18, in create_user
    user.save(using=self._db)
  File "C:\Users\sshiv\AppData\Roaming\Python\Python311\site-packages\django\contrib\auth\base_user.py", line 65, in save
    super().save(*args, **kwargs)
  File "C:\Users\sshiv\AppData\Roaming\Python\Python311\site-packages\django\db\models\base.py", line 902, in save
    self.save_base(
  File "C:\Users\sshiv\AppData\Roaming\Python\Python311\site-packages\django\db\models\base.py", line 1008, in save_base
    updated = self._save_table(
              ^^^^^^^^^^^^^^^^^
  File "C:\Users\sshiv\AppData\Roaming\Python\Python311\site-packages\django\db\models\base.py", line 1169, in _save_table
    results = self._do_insert(
              ^^^^^^^^^^^^^^^^
  File "C:\Users\sshiv\AppData\Roaming\Python\Python311\site-packages\django\db\models\base.py", line 1210, in _do_insert
    return manager._insert(
           ^^^^^^^^^^^^^^^^
  File "C:\Users\sshiv\AppData\Roaming\Python\Python311\site-packages\django\db\models\manager.py", line 87, in manager_method
    return getattr(self.get_queryset(), name)(*args, **kwargs)
           ^^^^^^^^^^^^^^^^^^^^^^^^^^^^^^^^^^^^^^^^^^^^^^^^^^^
  File "C:\Users\sshiv\AppData\Roaming\Python\Python311\site-packages\django\db\models\query.py", line 1868, in _insert
    return query.get_compiler(using=using).execute_sql(returning_fields)
           ^^^^^^^^^^^^^^^^^^^^^^^^^^^^^^^^^^^^^^^^^^^^^^^^^^^^^^^^^^^^^
  File "C:\Users\sshiv\AppData\Roaming\Python\Python311\site-packages\django\db\models\sql\compiler.py", line 1882, in execute_sql
    cursor.execute(sql, params)
  File "C:\Users\sshiv\AppData\Roaming\Python\Python311\site-packages\django\db\backends\utils.py", line 79, in execute
    return self._execute_with_wrappers(
           ^^^^^^^^^^^^^^^^^^^^^^^^^^^^
  File "C:\Users\sshiv\AppData\Roaming\Python\Python311\site-packages\django\db\backends\utils.py", line 92, in _execute_with_wrappers
    return executor(sql, params, many, context)
           ^^^^^^^^^^^^^^^^^^^^^^^^^^^^^^^^^^^^
  File "C:\Users\sshiv\AppData\Roaming\Python\Python311\site-packages\django\db\backends\utils.py", line 100, in _execute
    with self.db.wrap_database_errors:
  File "C:\Users\sshiv\AppData\Roaming\Python\Python311\site-packages\django\db\utils.py", line 91, in __exit__
    raise dj_exc_value.with_traceback(traceback) from exc_value
  File "C:\Users\sshiv\AppData\Roaming\Python\Python311\site-packages\django\db\backends\utils.py", line 105, in _execute
    return self.cursor.execute(sql, params)
           ^^^^^^^^^^^^^^^^^^^^^^^^^^^^^^^^
  File "C:\Users\sshiv\AppData\Roaming\Python\Python311\site-packages\psycopg\cursor.py", line 97, in execute
    raise ex.with_traceback(None)
django.db.utils.IntegrityError: null value in column "phonenumber" of relation "accounts_user" violates not-null constraint
DETAIL:  Failing row contains (pbkdf2_sha256$1000000$whm01TlpHL9eskZLDE5ydI$/iJo4XUOsxo025jlqf0..., f, 12e6a996-28f3-4089-a8c2-05e0985bff55, newuser, newuser@example.com, Test City, Engineering, t, 2026-07-18 05:36:07.602115+00, null, 0, null, null, f, 2026-07-18 05:36:08.341614+00, f).
2026-07-18 11:06:08 - ERROR - Internal Server Error: /users/create/
