2026-07-17 18:29:27 - INFO - Watching for file changes with StatReloader
2026-07-17 18:43:15 - ERROR - Invalid HTTP_HOST header: 'testserver'. You may need to add 'testserver' to ALLOWED_HOSTS.
Traceback (most recent call last):
  File "C:\Users\sshiv\AppData\Roaming\Python\Python311\site-packages\django\core\handlers\exception.py", line 55, in inner
    response = get_response(request)
               ^^^^^^^^^^^^^^^^^^^^^
  File "C:\Users\sshiv\AppData\Roaming\Python\Python311\site-packages\django\utils\deprecation.py", line 119, in __call__
    response = self.process_request(request)
               ^^^^^^^^^^^^^^^^^^^^^^^^^^^^^
  File "C:\Users\sshiv\AppData\Roaming\Python\Python311\site-packages\django\middleware\common.py", line 48, in process_request
    host = request.get_host()
           ^^^^^^^^^^^^^^^^^^
  File "C:\Users\sshiv\AppData\Roaming\Python\Python311\site-packages\django\http\request.py", line 202, in get_host
    raise DisallowedHost(msg)
django.core.exceptions.DisallowedHost: Invalid HTTP_HOST header: 'testserver'. You may need to add 'testserver' to ALLOWED_HOSTS.
2026-07-17 18:43:34 - ERROR - Invalid HTTP_HOST header: 'testserver'. You may need to add 'testserver' to ALLOWED_HOSTS.
Traceback (most recent call last):
  File "C:\Users\sshiv\AppData\Roaming\Python\Python311\site-packages\django\core\handlers\exception.py", line 55, in inner
    response = get_response(request)
               ^^^^^^^^^^^^^^^^^^^^^
  File "C:\Users\sshiv\AppData\Roaming\Python\Python311\site-packages\django\utils\deprecation.py", line 119, in __call__
    response = self.process_request(request)
               ^^^^^^^^^^^^^^^^^^^^^^^^^^^^^
  File "C:\Users\sshiv\AppData\Roaming\Python\Python311\site-packages\django\middleware\common.py", line 48, in process_request
    host = request.get_host()
           ^^^^^^^^^^^^^^^^^^
  File "C:\Users\sshiv\AppData\Roaming\Python\Python311\site-packages\django\http\request.py", line 202, in get_host
    raise DisallowedHost(msg)
django.core.exceptions.DisallowedHost: Invalid HTTP_HOST header: 'testserver'. You may need to add 'testserver' to ALLOWED_HOSTS.
2026-07-17 18:44:10 - ERROR - Invalid HTTP_HOST header: 'testserver'. You may need to add 'testserver' to ALLOWED_HOSTS.
Traceback (most recent call last):
  File "C:\Users\sshiv\AppData\Roaming\Python\Python311\site-packages\django\core\handlers\exception.py", line 55, in inner
    response = get_response(request)
               ^^^^^^^^^^^^^^^^^^^^^
  File "C:\Users\sshiv\AppData\Roaming\Python\Python311\site-packages\django\utils\deprecation.py", line 119, in __call__
    response = self.process_request(request)
               ^^^^^^^^^^^^^^^^^^^^^^^^^^^^^
  File "C:\Users\sshiv\AppData\Roaming\Python\Python311\site-packages\django\middleware\common.py", line 48, in process_request
    host = request.get_host()
           ^^^^^^^^^^^^^^^^^^
  File "C:\Users\sshiv\AppData\Roaming\Python\Python311\site-packages\django\http\request.py", line 202, in get_host
    raise DisallowedHost(msg)
django.core.exceptions.DisallowedHost: Invalid HTTP_HOST header: 'testserver'. You may need to add 'testserver' to ALLOWED_HOSTS.
2026-07-17 18:46:04 - INFO - Watching for file changes with StatReloader
2026-07-17 21:08:29 - INFO - C:\Projects\laguna\laguna-ai-line-balancing\backend\apps\absenteeism\services\export_service.py changed, reloading.
2026-07-17 21:08:34 - INFO - Watching for file changes with StatReloader
2026-07-17 21:26:34 - INFO - C:\Projects\laguna\laguna-ai-line-balancing\backend\apps\absenteeism\services\export_service.py changed, reloading.
2026-07-17 21:26:40 - INFO - Watching for file changes with StatReloader
2026-07-17 21:27:57 - INFO - C:\Projects\laguna\laguna-ai-line-balancing\backend\apps\absenteeism\services\prediction_service.py changed, reloading.
2026-07-17 21:28:01 - INFO - Watching for file changes with StatReloader
2026-07-17 21:29:22 - INFO - C:\Projects\laguna\laguna-ai-line-balancing\backend\apps\absenteeism\services\report_service.py changed, reloading.
2026-07-17 21:29:24 - INFO - Watching for file changes with StatReloader
2026-07-17 22:08:55 - INFO - C:\Projects\laguna\laguna-ai-line-balancing\backend\apps\accounts\models\user.py changed, reloading.
2026-07-17 22:09:02 - INFO - Watching for file changes with StatReloader
2026-07-17 22:13:37 - INFO - C:\Projects\laguna\laguna-ai-line-balancing\backend\apps\accounts\services\auth_service.py changed, reloading.
2026-07-17 22:13:42 - INFO - Watching for file changes with StatReloader
2026-07-17 22:15:02 - INFO - C:\Projects\laguna\laguna-ai-line-balancing\backend\apps\accounts\services\auth_service.py changed, reloading.
2026-07-17 22:15:04 - INFO - Watching for file changes with StatReloader
2026-07-17 22:15:19 - INFO - C:\Projects\laguna\laguna-ai-line-balancing\backend\apps\accounts\services\auth_service.py changed, reloading.
2026-07-17 22:15:23 - INFO - Watching for file changes with StatReloader
2026-07-17 22:15:32 - INFO - C:\Projects\laguna\laguna-ai-line-balancing\backend\apps\accounts\services\auth_service.py changed, reloading.
2026-07-17 22:15:34 - INFO - Watching for file changes with StatReloader
2026-07-17 22:15:41 - INFO - C:\Projects\laguna\laguna-ai-line-balancing\backend\apps\accounts\services\auth_service.py changed, reloading.
2026-07-17 22:15:45 - INFO - Watching for file changes with StatReloader
2026-07-17 22:16:17 - INFO - C:\Projects\laguna\laguna-ai-line-balancing\backend\apps\accounts\services\auth_service.py changed, reloading.
2026-07-17 22:16:19 - INFO - Watching for file changes with StatReloader
